[36mINFO[0m[2025-01-28T15:29:16+03:00]main.go:38 main.start() Server started :8081                         
[36mINFO[0m[2025-01-28T15:29:34+03:00]main.go:37 main.start() Server started :8081                         
[36mINFO[0m[2025-01-28T15:30:21+03:00]main.go:37 main.start() Server started :8081                         
[36mINFO[0m[2025-01-28T16:04:29+03:00]main.go:37 main.start() Server started :8081                         
[36mINFO[0m[2025-01-28T16:05:23+03:00]main.go:45 main.start() Server started :8081                         
[36mINFO[0m[2025-01-28T16:31:02+03:00]main.go:45 main.start() Server started :8081                         
[36mINFO[0m[2025-01-28T16:32:06+03:00]main.go:45 main.start() Server started :8081                         
[36mINFO[0m[2025-01-28T16:33:44+03:00]main.go:45 main.start() Server started :8081                         
[36mINFO[0m[2025-01-28T19:24:48+03:00]main.go:45 main.start() Server started :8081                         
[36mINFO[0m[2025-01-28T19:41:52+03:00]main.go:45 main.start() Server started :8081                         
[36mINFO[0m[2025-01-28T19:42:56+03:00]main.go:45 main.start() Server started :8081                         
[36mINFO[0m[2025-01-28T19:43:26+03:00]main.go:45 main.start() Server started :8081                         
[36mINFO[0m[2025-01-28T19:47:36+03:00]main.go:45 main.start() Server started :8081                         
[36mINFO[0m[2025-01-28T19:59:00+03:00]main.go:45 main.start() Server started :8081                         
[36mINFO[0m[2025-01-28T20:05:16+03:00]main.go:45 main.start() Server started :8081                         
[31mERRO[0m[2025-01-28T20:05:18+03:00]register.go:39 github.com/Igrok95Ronin/todolistjwt.drpetproject.ru-api.git/internal/routes.(*handler).Register() Пользователь с таким username или email уже существует: ERROR: column "username" does not exist (SQLSTATE 42703) 
[31mERRO[0m[2025-01-28T20:05:40+03:00]register.go:39 github.com/Igrok95Ronin/todolistjwt.drpetproject.ru-api.git/internal/routes.(*handler).Register() Пользователь с таким username или email уже существует: ERROR: column "username" does not exist (SQLSTATE 42703) 
[36mINFO[0m[2025-01-28T20:06:15+03:00]main.go:45 main.start() Server started :8081                         
[31mERRO[0m[2025-01-28T20:06:17+03:00]register.go:39 github.com/Igrok95Ronin/todolistjwt.drpetproject.ru-api.git/internal/routes.(*handler).Register() Пользователь с таким username или email уже существует: record not found 
[36mINFO[0m[2025-01-28T20:07:00+03:00]main.go:45 main.start() Server started :8081                         
[31mERRO[0m[2025-01-28T20:07:02+03:00]register.go:41 github.com/Igrok95Ronin/todolistjwt.drpetproject.ru-api.git/internal/routes.(*handler).Register() Пользователь с таким username или email уже существует: record not found 
[36mINFO[0m[2025-01-28T20:08:05+03:00]main.go:45 main.start() Server started :8081                         
[31mERRO[0m[2025-01-28T20:08:06+03:00]register.go:41 github.com/Igrok95Ronin/todolistjwt.drpetproject.ru-api.git/internal/routes.(*handler).Register() Пользователь с таким username или email уже существует: record not found 
[36mINFO[0m[2025-01-28T20:09:52+03:00]main.go:45 main.start() Server started :8081                         
[31mERRO[0m[2025-01-28T20:09:53+03:00]register.go:41 github.com/Igrok95Ronin/todolistjwt.drpetproject.ru-api.git/internal/routes.(*handler).Register() Пользователь с таким username или email уже существует: record not found 
[36mINFO[0m[2025-01-28T20:12:44+03:00]main.go:45 main.start() Server started :8081                         
[36mINFO[0m[2025-01-28T20:17:07+03:00]main.go:45 main.start() Server started :8081                         
[36mINFO[0m[2025-01-28T20:27:07+03:00]main.go:45 main.start() Server started :8081                         
[31mERRO[0m[2025-01-28T20:27:16+03:00]register.go:46 github.com/Igrok95Ronin/todolistjwt.drpetproject.ru-api.git/internal/routes.(*handler).Register() Неверный формат email: testmail.ru           
[31mERRO[0m[2025-01-28T20:27:28+03:00]register.go:46 github.com/Igrok95Ronin/todolistjwt.drpetproject.ru-api.git/internal/routes.(*handler).Register() Неверный формат email: @testmail.ru          
[31mERRO[0m[2025-01-28T20:27:36+03:00]register.go:55 github.com/Igrok95Ronin/todolistjwt.drpetproject.ru-api.git/internal/routes.(*handler).Register() Пользователь с таким username или email уже существует: %!s(<nil>) 
[36mINFO[0m[2025-01-29T11:08:06+03:00]main.go:45 main.start() Server started :8081                         
[36mINFO[0m[2025-01-29T11:23:24+03:00]main.go:45 main.start() Server started :8081                         
[31mERRO[0m[2025-01-29T11:24:25+03:00]login.go:33 github.com/Igrok95Ronin/todolistjwt.drpetproject.ru-api.git/internal/routes.(*handler).Login() Все поля (username, email, password) обязательны: %!s(<nil>) 
[36mINFO[0m[2025-01-29T11:25:16+03:00]main.go:45 main.start() Server started :8081                         
[31mERRO[0m[2025-01-29T11:25:19+03:00]login.go:65 github.com/Igrok95Ronin/todolistjwt.drpetproject.ru-api.git/internal/routes.(*handler).Login() Ошибка при генерации access-токена: key is of invalid type 
[36mINFO[0m[2025-01-29T11:26:05+03:00]main.go:45 main.start() Server started :8081                         
[31mERRO[0m[2025-01-29T11:26:37+03:00]login.go:57 github.com/Igrok95Ronin/todolistjwt.drpetproject.ru-api.git/internal/routes.(*handler).Login() Неверный email или пароль: %!s(<nil>)        
[36mINFO[0m[2025-01-29T11:39:33+03:00]main.go:45 main.start() Server started :8081                         
[36mINFO[0m[2025-01-29T11:41:57+03:00]main.go:45 main.start() Server started :8081                         
[31mERRO[0m[2025-01-29T11:42:07+03:00]refresh.go:20 github.com/Igrok95Ronin/todolistjwt.drpetproject.ru-api.git/internal/routes.(*handler).Refresh() Необходим refresh_token (cookie отсутствует): http: named cookie not present 
[36mINFO[0m[2025-01-29T11:49:21+03:00]main.go:45 main.start() Server started :8081                         
[36mINFO[0m[2025-01-29T11:54:11+03:00]main.go:45 main.start() Server started :8081                         
[36mINFO[0m[2025-01-29T11:55:37+03:00]main.go:45 main.start() Server started :8081                         
[36mINFO[0m[2025-01-29T11:56:00+03:00]main.go:45 main.start() Server started :8081                         
